TN:
SF:C:\xampp\htdocs\Cliente\buggy_code\app\data\dataset_utils.js
FN:81,isForward
FN:99,isBack
FN:117,isMidfielder
FN:141,isGoalKeeper
FNF:4
FNH:4
FNDA:3,isForward
FNDA:3,isBack
FNDA:6,isMidfielder
FNDA:3,isGoalKeeper
DA:4,2
DA:82,3
DA:88,1
DA:90,2
DA:100,3
DA:107,0
DA:109,3
DA:118,6
DA:131,6
DA:133,0
DA:142,3
DA:143,0
DA:144,3
DA:145,0
DA:147,3
DA:150,2
DA:151,2
DA:152,2
DA:153,2
DA:154,2
LF:20
LH:16
BRDA:82,0,0,1
BRDA:82,0,1,2
BRDA:82,1,0,3
BRDA:82,1,1,3
BRDA:82,1,2,3
BRDA:82,1,3,3
BRDA:82,1,4,2
BRDA:82,1,5,2
BRDA:100,2,0,0
BRDA:100,2,1,3
BRDA:100,3,0,3
BRDA:100,3,1,3
BRDA:100,3,2,3
BRDA:100,3,3,3
BRDA:100,3,4,3
BRDA:100,3,5,3
BRDA:100,3,6,3
BRDA:118,4,0,6
BRDA:118,4,1,0
BRDA:118,5,0,6
BRDA:118,5,1,6
BRDA:118,5,2,6
BRDA:118,5,3,6
BRDA:118,5,4,6
BRDA:118,5,5,6
BRDA:118,5,6,6
BRDA:118,5,7,6
BRDA:118,5,8,6
BRDA:118,5,9,6
BRDA:118,5,10,6
BRDA:118,5,11,6
BRDA:118,5,12,4
BRDA:142,6,0,0
BRDA:142,6,1,3
BRDA:144,7,0,0
BRDA:144,7,1,3
BRDA:144,8,0,3
BRDA:144,8,1,0
BRDA:144,8,2,0
BRF:39
BRH:33
end_of_record
TN:
SF:C:\xampp\htdocs\Cliente\buggy_code\app\data\json_reader.js
FN:11,extractDataFromRawJSON
FN:27,readJSONData
FNF:2
FNH:2
FNDA:1,extractDataFromRawJSON
FNDA:4,readJSONData
DA:1,1
DA:2,1
DA:3,1
DA:4,1
DA:12,1
DA:13,1
DA:14,3
DA:15,3
DA:16,3
DA:18,1
DA:28,4
DA:29,4
DA:30,4
DA:32,2
DA:33,1
DA:35,1
DA:37,2
DA:40,1
DA:41,1
LF:19
LH:19
BRDA:32,0,0,1
BRDA:32,0,1,1
BRF:2
BRH:2
end_of_record
TN:
SF:C:\xampp\htdocs\Cliente\buggy_code\app\data\player.js
FN:16,(anonymous_0)
FN:26,(anonymous_1)
FN:54,(anonymous_2)
FN:62,(anonymous_3)
FN:70,(anonymous_4)
FN:78,(anonymous_5)
FN:86,(anonymous_6)
FN:95,(anonymous_7)
FN:103,(anonymous_8)
FN:111,(anonymous_9)
FN:119,(anonymous_10)
FN:127,(anonymous_11)
FN:135,(anonymous_12)
FN:144,(anonymous_13)
FNF:14
FNH:13
FNDA:5,(anonymous_0)
FNDA:3,(anonymous_1)
FNDA:0,(anonymous_2)
FNDA:1,(anonymous_3)
FNDA:1,(anonymous_4)
FNDA:1,(anonymous_5)
FNDA:3,(anonymous_6)
FNDA:1,(anonymous_7)
FNDA:1,(anonymous_8)
FNDA:1,(anonymous_9)
FNDA:1,(anonymous_10)
FNDA:2,(anonymous_11)
FNDA:1,(anonymous_12)
FNDA:1,(anonymous_13)
DA:1,2
DA:2,2
DA:3,2
DA:4,2
DA:5,2
DA:6,2
DA:17,5
DA:27,3
DA:28,3
DA:29,3
DA:30,3
DA:31,3
DA:32,3
DA:33,3
DA:34,3
DA:35,3
DA:36,3
DA:37,3
DA:39,0
DA:41,3
DA:42,3
DA:43,3
DA:44,3
DA:45,3
DA:46,3
DA:55,0
DA:63,1
DA:71,1
DA:79,1
DA:88,3
DA:96,1
DA:104,1
DA:112,1
DA:120,1
DA:128,2
DA:136,1
DA:145,1
DA:146,0
DA:148,1
DA:152,2
LF:40
LH:37
BRDA:36,0,0,3
BRDA:36,0,1,0
BRDA:145,1,0,0
BRDA:145,1,1,1
BRDA:145,2,0,1
BRDA:145,2,1,1
BRF:6
BRH:4
end_of_record
TN:
SF:C:\xampp\htdocs\Cliente\buggy_code\app\data\team.js
FN:10,(anonymous_0)
FN:20,(anonymous_1)
FN:28,(anonymous_2)
FN:36,(anonymous_3)
FN:45,(anonymous_4)
FN:58,(anonymous_5)
FN:67,(anonymous_6)
FN:80,(anonymous_7)
FN:90,(anonymous_8)
FN:98,(anonymous_9)
FN:111,(anonymous_10)
FN:120,(anonymous_11)
FN:122,(anonymous_12)
FN:136,(anonymous_13)
FN:160,(anonymous_14)
FN:188,(anonymous_15)
FN:189,(anonymous_16)
FN:190,(anonymous_17)
FN:191,(anonymous_18)
FN:201,(anonymous_19)
FNF:20
FNH:8
FNDA:3,(anonymous_0)
FNDA:1,(anonymous_1)
FNDA:1,(anonymous_2)
FNDA:1,(anonymous_3)
FNDA:2,(anonymous_4)
FNDA:0,(anonymous_5)
FNDA:2,(anonymous_6)
FNDA:1,(anonymous_7)
FNDA:1,(anonymous_8)
FNDA:0,(anonymous_9)
FNDA:0,(anonymous_10)
FNDA:0,(anonymous_11)
FNDA:0,(anonymous_12)
FNDA:0,(anonymous_13)
FNDA:0,(anonymous_14)
FNDA:0,(anonymous_15)
FNDA:0,(anonymous_16)
FNDA:0,(anonymous_17)
FNDA:0,(anonymous_18)
FNDA:0,(anonymous_19)
DA:11,3
DA:12,3
DA:13,3
DA:21,1
DA:29,1
DA:37,1
DA:46,2
DA:47,1
DA:48,0
DA:51,2
DA:59,0
DA:68,2
DA:69,2
DA:70,2
DA:71,2
DA:73,0
DA:81,1
DA:82,2
DA:91,1
DA:99,0
DA:100,0
DA:101,0
DA:113,0
DA:115,0
DA:116,0
DA:120,0
DA:122,0
DA:123,0
DA:126,0
DA:137,0
DA:138,0
DA:140,0
DA:141,0
DA:143,0
DA:144,0
DA:145,0
DA:146,0
DA:148,0
DA:162,0
DA:163,0
DA:164,0
DA:165,0
DA:166,0
DA:167,0
DA:168,0
DA:170,0
DA:171,0
DA:173,0
DA:174,0
DA:176,0
DA:177,0
DA:182,0
DA:183,0
DA:185,0
DA:187,0
DA:188,0
DA:189,0
DA:190,0
DA:191,0
DA:193,0
DA:195,0
DA:197,0
DA:199,0
DA:201,0
DA:203,0
DA:213,1
LF:66
LH:17
BRDA:47,0,0,0
BRDA:47,0,1,1
BRDA:68,1,0,2
BRDA:68,1,1,0
BRDA:115,2,0,0
BRDA:115,2,1,0
BRDA:122,3,0,0
BRDA:122,3,1,0
BRDA:137,4,0,0
BRDA:137,4,1,0
BRDA:167,5,0,0
BRDA:167,5,1,0
BRDA:170,6,0,0
BRDA:170,6,1,0
BRDA:173,7,0,0
BRDA:173,7,1,0
BRDA:176,8,0,0
BRDA:176,8,1,0
BRF:18
BRH:2
end_of_record
