TN:
SF:C:\xampp\htdocs\Cliente\example_testing\fraction.js
FN:16,(anonymous_0)
FN:32,(anonymous_1)
FN:45,(anonymous_2)
FN:70,(anonymous_3)
FN:95,(anonymous_4)
FN:119,(anonymous_5)
FN:142,(anonymous_6)
FN:153,(anonymous_7)
FN:174,(anonymous_8)
FN:182,(anonymous_9)
FNF:10
FNH:7
FNDA:3,(anonymous_0)
FNDA:3,(anonymous_1)
FNDA:7,(anonymous_2)
FNDA:5,(anonymous_3)
FNDA:1,(anonymous_4)
FNDA:0,(anonymous_5)
FNDA:0,(anonymous_6)
FNDA:0,(anonymous_7)
FNDA:2,(anonymous_8)
FNDA:2,(anonymous_9)
DA:17,3
DA:18,0
DA:20,3
DA:21,0
DA:23,3
DA:24,3
DA:25,3
DA:33,3
DA:34,3
DA:35,3
DA:46,7
DA:47,0
DA:49,7
DA:50,0
DA:53,7
DA:54,7
DA:55,7
DA:56,32
DA:57,5
DA:60,7
DA:71,5
DA:72,1
DA:74,4
DA:75,1
DA:78,3
DA:79,3
DA:81,3
DA:82,17
DA:83,3
DA:86,0
DA:96,1
DA:97,1
DA:98,1
DA:100,0
DA:101,0
DA:103,0
DA:105,0
DA:106,0
DA:107,0
DA:108,0
DA:109,0
DA:110,0
DA:120,0
DA:121,0
DA:122,0
DA:124,0
DA:125,0
DA:127,0
DA:129,0
DA:130,0
DA:131,0
DA:132,0
DA:133,0
DA:143,0
DA:144,0
DA:154,0
DA:155,0
DA:156,0
DA:158,0
DA:159,0
DA:161,0
DA:163,0
DA:164,0
DA:165,0
DA:166,0
DA:167,0
DA:175,2
DA:183,2
DA:187,1
LF:69
LH:31
BRDA:17,0,0,0
BRDA:17,0,1,3
BRDA:20,1,0,0
BRDA:20,1,1,3
BRDA:46,2,0,0
BRDA:46,2,1,7
BRDA:49,3,0,0
BRDA:49,3,1,7
BRDA:56,4,0,5
BRDA:56,4,1,27
BRDA:56,5,0,32
BRDA:56,5,1,9
BRDA:71,6,0,1
BRDA:71,6,1,4
BRDA:74,7,0,1
BRDA:74,7,1,3
BRDA:82,8,0,3
BRDA:82,8,1,14
BRDA:82,9,0,17
BRDA:82,9,1,6
BRDA:97,10,0,1
BRDA:97,10,1,0
BRDA:97,11,0,1
BRDA:97,11,1,0
BRDA:100,12,0,0
BRDA:100,12,1,0
BRDA:100,13,0,0
BRDA:100,13,1,0
BRDA:121,14,0,0
BRDA:121,14,1,0
BRDA:121,15,0,0
BRDA:121,15,1,0
BRDA:124,16,0,0
BRDA:124,16,1,0
BRDA:124,17,0,0
BRDA:124,17,1,0
BRDA:155,18,0,0
BRDA:155,18,1,0
BRDA:155,19,0,0
BRDA:155,19,1,0
BRDA:158,20,0,0
BRDA:158,20,1,0
BRDA:158,21,0,0
BRDA:158,21,1,0
BRF:44
BRH:18
end_of_record
